Executing tasks: [:app:assembleRelease] in project C:\Users\info\Desktop\QuizApp

Warning: Mapping new ns http://schemas.android.com/repository/android/common/02 to old ns http://schemas.android.com/repository/android/common/01
Warning: Mapping new ns http://schemas.android.com/repository/android/generic/02 to old ns http://schemas.android.com/repository/android/generic/01
Warning: Mapping new ns http://schemas.android.com/sdk/android/repo/addon2/02 to old ns http://schemas.android.com/sdk/android/repo/addon2/01
Warning: Mapping new ns http://schemas.android.com/sdk/android/repo/repository2/02 to old ns http://schemas.android.com/sdk/android/repo/repository2/01
Warning: Mapping new ns http://schemas.android.com/sdk/android/repo/sys-img2/02 to old ns http://schemas.android.com/sdk/android/repo/sys-img2/01
Warning: Mapping new ns http://schemas.android.com/repository/android/common/02 to old ns http://schemas.android.com/repository/android/common/01
Warning: Mapping new ns http://schemas.android.com/repository/android/generic/02 to old ns http://schemas.android.com/repository/android/generic/01
Warning: Mapping new ns http://schemas.android.com/sdk/android/repo/addon2/02 to old ns http://schemas.android.com/sdk/android/repo/addon2/01
Warning: Mapping new ns http://schemas.android.com/sdk/android/repo/repository2/02 to old ns http://schemas.android.com/sdk/android/repo/repository2/01
Warning: Mapping new ns http://schemas.android.com/sdk/android/repo/sys-img2/02 to old ns http://schemas.android.com/sdk/android/repo/sys-img2/01
> Task :app:preBuild UP-TO-DATE
> Task :app:preReleaseBuild UP-TO-DATE
> Task :nativetemplates:preBuild UP-TO-DATE
> Task :nativetemplates:preReleaseBuild UP-TO-DATE
> Task :nativetemplates:compileReleaseAidl NO-SOURCE
> Task :app:compileReleaseAidl NO-SOURCE
> Task :nativetemplates:packageReleaseRenderscript NO-SOURCE
> Task :app:compileReleaseRenderscript NO-SOURCE
> Task :app:generateReleaseBuildConfig
> Task :app:generateReleaseResValues
> Task :app:generateReleaseResources
> Task :app:processReleaseGoogleServices
> Task :app:javaPreCompileRelease
> Task :nativetemplates:compileReleaseRenderscript NO-SOURCE
> Task :nativetemplates:generateReleaseResValues
> Task :nativetemplates:generateReleaseResources
> Task :nativetemplates:packageReleaseResources
> Task :nativetemplates:writeReleaseAarMetadata
> Task :app:checkReleaseAarMetadata
> Task :app:createReleaseCompatibleScreenManifests
> Task :app:extractDeepLinksRelease
> Task :nativetemplates:extractDeepLinksRelease
> Task :app:mergeReleaseResources
> Task :app:mergeReleaseResources FAILED
> Task :nativetemplates:generateReleaseBuildConfig
> Task :nativetemplates:compileReleaseLibraryResources
> Task :app:mergeReleaseNativeDebugMetadata NO-SOURCE
> Task :app:mergeReleaseShaders
> Task :app:compileReleaseShaders NO-SOURCE
> Task :nativetemplates:javaPreCompileRelease
> Task :app:generateReleaseAssets UP-TO-DATE
> Task :nativetemplates:mergeReleaseShaders
> Task :nativetemplates:compileReleaseShaders NO-SOURCE
> Task :nativetemplates:generateReleaseAssets UP-TO-DATE
> Task :nativetemplates:packageReleaseAssets
> Task :app:mergeReleaseAssets
> Task :nativetemplates:parseReleaseLocalResources
> Task :app:compressReleaseAssets
> Task :nativetemplates:processReleaseManifest

> Task :app:processReleaseMainManifest
C:\Users\info\Desktop\QuizApp\app\src\main\AndroidManifest.xml:9:5-79 Warning:
	Element uses-permission#android.permission.ACCESS_NETWORK_STATE at AndroidManifest.xml:9:5-79 duplicated with element declared at AndroidManifest.xml:6:5-79
C:\Users\info\Desktop\QuizApp\app\src\main\AndroidManifest.xml:27:5-224:19 Warning:
	application@android:usesCleartextTraffic was tagged at AndroidManifest.xml:27 to replace other declarations but no other declaration present

> Task :app:processReleaseManifest
> Task :app:checkReleaseDuplicateClasses
> Task :app:processReleaseJavaRes NO-SOURCE
> Task :nativetemplates:processReleaseJavaRes NO-SOURCE
> Task :nativetemplates:bundleLibResRelease NO-SOURCE
> Task :app:desugarReleaseFileDependencies
> Task :app:processReleaseManifestForPackage
> Task :nativetemplates:generateReleaseRFile
> Task :app:mergeReleaseJavaResource
> Task :app:mergeExtDexRelease
> Task :app:collectReleaseDependencies
> Task :app:sdkReleaseDependencyData
> Task :app:mergeReleaseJniLibFolders
> Task :nativetemplates:mergeReleaseJniLibFolders
> Task :nativetemplates:mergeReleaseNativeLibs NO-SOURCE
> Task :nativetemplates:stripReleaseDebugSymbols NO-SOURCE
> Task :nativetemplates:copyReleaseJniLibsProjectOnly
> Task :app:validateSigningRelease
> Task :nativetemplates:compileReleaseJavaWithJavac
> Task :app:mergeReleaseNativeLibs
> Task :app:stripReleaseDebugSymbols NO-SOURCE
> Task :nativetemplates:bundleLibCompileToJarRelease
> Task :nativetemplates:bundleLibRuntimeToJarRelease

FAILURE: Build failed with an exception.

* What went wrong:
Execution failed for task ':app:mergeReleaseResources'.
> Multiple task action failures occurred:
   > A failure occurred while executing com.android.build.gradle.internal.tasks.Workers$ActionFacade
      > AAPT2 aapt2-4.1.3-6503028-windows Daemon #0: Unexpected error during compile 'C:\Users\info\Desktop\QuizApp\app\build\generated\res\pngs\release\drawable-ldpi\ic_intro_one.png', attempting to stop daemon.
        This should not happen under normal circumstances, please file an issue if it does.
   > A failure occurred while executing com.android.build.gradle.internal.tasks.Workers$ActionFacade
      > AAPT2 aapt2-4.1.3-6503028-windows Daemon #2: Unexpected error during compile 'C:\Users\info\Desktop\QuizApp\app\src\main\res\mipmap-xxhdpi\ic_launcher.png', attempting to stop daemon.
        This should not happen under normal circumstances, please file an issue if it does.
   > A failure occurred while executing com.android.build.gradle.internal.tasks.Workers$ActionFacade
      > AAPT2 aapt2-4.1.3-6503028-windows Daemon #1: Unexpected error during compile 'C:\Users\info\Desktop\QuizApp\app\build\generated\res\pngs\release\drawable-ldpi\ic_intro_second.png', attempting to stop daemon.
        This should not happen under normal circumstances, please file an issue if it does.
   > A failure occurred while executing com.android.build.gradle.internal.tasks.Workers$ActionFacade
      > AAPT2 aapt2-4.1.3-6503028-windows Daemon #3: Unexpected error during compile 'C:\Users\info\Desktop\QuizApp\app\src\main\res\mipmap-hdpi\ic_launcher_foreground.png', attempting to stop daemon.
        This should not happen under normal circumstances, please file an issue if it does.
   > A failure occurred while executing com.android.build.gradle.internal.tasks.Workers$ActionFacade
      > AAPT2 aapt2-4.1.3-6503028-windows Daemon #4: Unexpected error during compile 'C:\Users\info\Desktop\QuizApp\app\src\main\res\mipmap-xxxhdpi\ic_launcher_foreground.png', attempting to stop daemon.
        This should not happen under normal circumstances, please file an issue if it does.
   > A failure occurred while executing com.android.build.gradle.internal.tasks.Workers$ActionFacade
      > AAPT2 aapt2-4.1.3-6503028-windows Daemon #5: Unexpected error during compile 'C:\Users\info\Desktop\QuizApp\app\src\main\res\mipmap-xxxhdpi\ic_launcher.png', attempting to stop daemon.
        This should not happen under normal circumstances, please file an issue if it does.
   > A failure occurred while executing com.android.build.gradle.internal.tasks.Workers$ActionFacade
      > AAPT2 aapt2-4.1.3-6503028-windows Daemon #6: Unexpected error during compile 'C:\Users\info\Desktop\QuizApp\app\build\generated\res\pngs\release\drawable-xhdpi\ic_pay_u_money.png', attempting to stop daemon.
        This should not happen under normal circumstances, please file an issue if it does.
   > A failure occurred while executing com.android.build.gradle.internal.tasks.Workers$ActionFacade
      > AAPT2 aapt2-4.1.3-6503028-windows Daemon #7: Unexpected error during compile 'C:\Users\info\Desktop\QuizApp\app\src\main\res\mipmap-xhdpi\ic_launcher_foreground.png', attempting to stop daemon.
        This should not happen under normal circumstances, please file an issue if it does.

* Try:
Run with --stacktrace option to get the stack trace. Run with --info or --debug option to get more log output. Run with --scan to get full insights.

* Get more help at https://help.gradle.org

Deprecated Gradle features were used in this build, making it incompatible with Gradle 7.0.
Use '--warning-mode all' to show the individual deprecation warnings.
See https://docs.gradle.org/6.5/userguide/command_line_interface.html#sec:command_line_warnings

BUï¿½LD FAILED in 4m 12s
40 actionable tasks: 40 executed
